# JRE version: OpenJDK Runtime Environment (17.0.11) (build 17.0.11+0--11852314)
# Java VM: OpenJDK 64-Bit Server VM (17.0.11+0--11852314, mixed mode, tiered, compressed oops, compressed class ptrs, g1 gc, windows-amd64)
GC Precious Log:
 CPUs: 16 total, 16 available
 Memory: 15789M
 Large Page Support: Disabled
 NUMA Support: Disabled
 Compressed Oops: Enabled (32-bit)
 Heap Region Size: 1M
 Heap Min Capacity: 8M
 Heap Initial Capacity: 248M
 Heap Max Capacity: 2G
 Pre-touch: Disabled
 Parallel Workers: 13
 Concurrent Workers: 3
 Concurrent Refinement Workers: 13
 Periodic GC: Disabled
Heap:
 garbage-first heap   total 149504K, used 78750K [0x0000000080000000, 0x0000000100000000)
  region size 1024K, 6 young (6144K), 6 survivors (6144K)
 Metaspace       used 93935K, committed 94656K, reserved 1179648K
  class space    used 13115K, committed 13440K, reserved 1048576K
GC Heap History (20 events):
Event: 7.742 GC heap after
{Heap after GC invocations=22 (full 0):
 garbage-first heap   total 123904K, used 63050K [0x0000000080000000, 0x0000000100000000)
  region size 1024K, 1 young (1024K), 1 survivors (1024K)
 Metaspace       used 69830K, committed 70400K, reserved 1114112K
  class space    used 9457K, committed 9728K, reserved 1048576K
}
Event: 8.178 GC heap before
{Heap before GC invocations=22 (full 0):
 garbage-first heap   total 123904K, used 99914K [0x0000000080000000, 0x0000000100000000)
  region size 1024K, 37 young (37888K), 1 survivors (1024K)
 Metaspace       used 73186K, committed 73792K, reserved 1114112K
  class space    used 9924K, committed 10240K, reserved 1048576K
}
Event: 8.180 GC heap after
{Heap after GC invocations=23 (full 0):
 garbage-first heap   total 123904K, used 64311K [0x0000000080000000, 0x0000000100000000)
  region size 1024K, 2 young (2048K), 2 survivors (2048K)
 Metaspace       used 73186K, committed 73792K, reserved 1114112K
  class space    used 9924K, committed 10240K, reserved 1048576K
}
Event: 8.457 GC heap before
{Heap before GC invocations=24 (full 0):
 garbage-first heap   total 123904K, used 99127K [0x0000000080000000, 0x0000000100000000)
  region size 1024K, 38 young (38912K), 2 survivors (2048K)
 Metaspace       used 75646K, committed 76288K, reserved 1179648K
  class space    used 10246K, committed 10560K, reserved 1048576K
}
Event: 8.460 GC heap after
{Heap after GC invocations=25 (full 0):
 garbage-first heap   total 149504K, used 65888K [0x0000000080000000, 0x0000000100000000)
  region size 1024K, 5 young (5120K), 5 survivors (5120K)
 Metaspace       used 75646K, committed 76288K, reserved 1179648K
  class space    used 10246K, committed 10560K, reserved 1048576K
}
Event: 8.492 GC heap before
{Heap before GC invocations=25 (full 0):
 garbage-first heap   total 149504K, used 66912K [0x0000000080000000, 0x0000000100000000)
  region size 1024K, 7 young (7168K), 5 survivors (5120K)
 Metaspace       used 75820K, committed 76416K, reserved 1179648K
  class space    used 10265K, committed 10560K, reserved 1048576K
}
Event: 8.495 GC heap after
{Heap after GC invocations=26 (full 0):
 garbage-first heap   total 149504K, used 66308K [0x0000000080000000, 0x0000000100000000)
  region size 1024K, 1 young (1024K), 1 survivors (1024K)
 Metaspace       used 75820K, committed 76416K, reserved 1179648K
  class space    used 10265K, committed 10560K, reserved 1048576K
}
Event: 8.901 GC heap before
{Heap before GC invocations=26 (full 0):
 garbage-first heap   total 149504K, used 96004K [0x0000000080000000, 0x0000000100000000)
  region size 1024K, 31 young (31744K), 1 survivors (1024K)
 Metaspace       used 77895K, committed 78464K, reserved 1179648K
  class space    used 10557K, committed 10880K, reserved 1048576K
}
Event: 8.903 GC heap after
{Heap after GC invocations=27 (full 0):
 garbage-first heap   total 149504K, used 66881K [0x0000000080000000, 0x0000000100000000)
  region size 1024K, 2 young (2048K), 2 survivors (2048K)
 Metaspace       used 77895K, committed 78464K, reserved 1179648K
  class space    used 10557K, committed 10880K, reserved 1048576K
}
Event: 9.609 GC heap before
{Heap before GC invocations=28 (full 0):
 garbage-first heap   total 149504K, used 122177K [0x0000000080000000, 0x0000000100000000)
  region size 1024K, 55 young (56320K), 2 survivors (2048K)
 Metaspace       used 81765K, committed 82368K, reserved 1179648K
  class space    used 11304K, committed 11584K, reserved 1048576K
}
Event: 9.612 GC heap after
{Heap after GC invocations=29 (full 0):
 garbage-first heap   total 149504K, used 68398K [0x0000000080000000, 0x0000000100000000)
  region size 1024K, 3 young (3072K), 3 survivors (3072K)
 Metaspace       used 81765K, committed 82368K, reserved 1179648K
  class space    used 11304K, committed 11584K, reserved 1048576K
}
Event: 9.660 GC heap before
{Heap before GC invocations=29 (full 0):
 garbage-first heap   total 149504K, used 71470K [0x0000000080000000, 0x0000000100000000)
  region size 1024K, 7 young (7168K), 3 survivors (3072K)
 Metaspace       used 82096K, committed 82688K, reserved 1179648K
  class space    used 11345K, committed 11648K, reserved 1048576K
}
Event: 9.662 GC heap after
{Heap after GC invocations=30 (full 0):
 garbage-first heap   total 149504K, used 68181K [0x0000000080000000, 0x0000000100000000)
  region size 1024K, 1 young (1024K), 1 survivors (1024K)
 Metaspace       used 82096K, committed 82688K, reserved 1179648K
  class space    used 11345K, committed 11648K, reserved 1048576K
}
Event: 10.222 GC heap before
{Heap before GC invocations=30 (full 0):
 garbage-first heap   total 149504K, used 122453K [0x0000000080000000, 0x0000000100000000)
  region size 1024K, 54 young (55296K), 1 survivors (1024K)
 Metaspace       used 86221K, committed 86848K, reserved 1179648K
  class space    used 11918K, committed 12224K, reserved 1048576K
}
Event: 10.225 GC heap after
{Heap after GC invocations=31 (full 0):
 garbage-first heap   total 149504K, used 71086K [0x0000000080000000, 0x0000000100000000)
  region size 1024K, 4 young (4096K), 4 survivors (4096K)
 Metaspace       used 86221K, committed 86848K, reserved 1179648K
  class space    used 11918K, committed 12224K, reserved 1048576K
}
Event: 10.846 GC heap before
{Heap before GC invocations=32 (full 0):
 garbage-first heap   total 149504K, used 122286K [0x0000000080000000, 0x0000000100000000)
  region size 1024K, 54 young (55296K), 4 survivors (4096K)
 Metaspace       used 90863K, committed 91584K, reserved 1179648K
  class space    used 12593K, committed 12928K, reserved 1048576K
}
Event: 10.849 GC heap after
{Heap after GC invocations=33 (full 0):
 garbage-first heap   total 149504K, used 73669K [0x0000000080000000, 0x0000000100000000)
  region size 1024K, 6 young (6144K), 6 survivors (6144K)
 Metaspace       used 90863K, committed 91584K, reserved 1179648K
  class space    used 12593K, committed 12928K, reserved 1048576K
}
Event: 10.854 GC heap before
{Heap before GC invocations=33 (full 0):
 garbage-first heap   total 149504K, used 74693K [0x0000000080000000, 0x0000000100000000)
  region size 1024K, 7 young (7168K), 6 survivors (6144K)
 Metaspace       used 90876K, committed 91584K, reserved 1179648K
  class space    used 12594K, committed 12928K, reserved 1048576K
}
Event: 10.858 GC heap after
{Heap after GC invocations=34 (full 0):
 garbage-first heap   total 149504K, used 73941K [0x0000000080000000, 0x0000000100000000)
  region size 1024K, 1 young (1024K), 1 survivors (1024K)
 Metaspace       used 90876K, committed 91584K, reserved 1179648K
  class space    used 12594K, committed 12928K, reserved 1048576K
}
Event: 11.425 GC heap before
{Heap before GC invocations=34 (full 0):
 garbage-first heap   total 149504K, used 123093K [0x0000000080000000, 0x0000000100000000)
  region size 1024K, 50 young (51200K), 1 survivors (1024K)
 Metaspace       used 93935K, committed 94656K, reserved 1179648K
  class space    used 13115K, committed 13440K, reserved 1048576K
}

